<?xml version="1.0" encoding="UTF-8"?>
<testsuite xmlns:xsi="http://www.w3.org/2001/XMLSchema-instance" xsi:noNamespaceSchemaLocation="https://maven.apache.org/surefire/maven-surefire-plugin/xsd/surefire-test-report.xsd" name="io.fabric8.kubernetes.api.model.ValidationTest" time="0.037" tests="2" errors="0" skipped="0" failures="0">
  <properties>
    <property name="awt.toolkit" value="sun.awt.X11.XToolkit"/>
    <property name="file.encoding.pkg" value="sun.io"/>
    <property name="java.specification.version" value="1.8"/>
    <property name="sun.cpu.isalist" value=""/>
    <property name="sun.jnu.encoding" value="UTF-8"/>
    <property name="java.class.path" value="/home/xsw/spark-work/kubernetes-client/kubernetes-model/kubernetes-model/target/test-classes:/home/xsw/spark-work/kubernetes-client/kubernetes-model/kubernetes-model/target/classes:/root/.m2/repository/io/sundr/builder-annotations/0.14.6/builder-annotations-0.14.6.jar:/root/.m2/repository/io/sundr/sundr-core/0.14.6/sundr-core-0.14.6.jar:/root/.m2/repository/io/sundr/sundr-codegen/0.14.6/sundr-codegen-0.14.6.jar:/root/.m2/repository/io/sundr/resourcecify-annotations/0.14.6/resourcecify-annotations-0.14.6.jar:/root/.m2/repository/io/sundr/transform-annotations/0.14.6/transform-annotations-0.14.6.jar:/home/xsw/spark-work/kubernetes-client/kubernetes-model/kubernetes-model-common/target/kubernetes-model-common-4.1.2.jar:/root/.m2/repository/com/fasterxml/jackson/module/jackson-module-jaxb-annotations/2.9.8/jackson-module-jaxb-annotations-2.9.8.jar:/root/.m2/repository/com/fasterxml/jackson/core/jackson-annotations/2.9.0/jackson-annotations-2.9.0.jar:/root/.m2/repository/com/fasterxml/jackson/core/jackson-core/2.9.8/jackson-core-2.9.8.jar:/root/.m2/repository/com/fasterxml/jackson/core/jackson-databind/2.9.8/jackson-databind-2.9.8.jar:/root/.m2/repository/javax/validation/validation-api/1.1.0.Final/validation-api-1.1.0.Final.jar:/root/.m2/repository/org/hibernate/hibernate-validator/5.2.4.Final/hibernate-validator-5.2.4.Final.jar:/root/.m2/repository/org/jboss/logging/jboss-logging/3.2.1.Final/jboss-logging-3.2.1.Final.jar:/root/.m2/repository/com/fasterxml/classmate/1.1.0/classmate-1.1.0.jar:/root/.m2/repository/javax/el/javax.el-api/2.2.4/javax.el-api-2.2.4.jar:/root/.m2/repository/org/glassfish/web/javax.el/2.2.4/javax.el-2.2.4.jar:/root/.m2/repository/junit/junit/4.12/junit-4.12.jar:/root/.m2/repository/org/hamcrest/hamcrest-core/1.3/hamcrest-core-1.3.jar:/root/.m2/repository/net/javacrumbs/json-unit/json-unit-fluent/1.25.1/json-unit-fluent-1.25.1.jar:/root/.m2/repository/net/javacrumbs/json-unit/json-unit-core/1.25.1/json-unit-core-1.25.1.jar:/root/.m2/repository/org/projectlombok/lombok/1.16.22/lombok-1.16.22.jar:"/>
    <property name="java.vm.vendor" value="Private Build"/>
    <property name="sun.arch.data.model" value="64"/>
    <property name="java.vendor.url" value="http://java.oracle.com/"/>
    <property name="user.timezone" value=""/>
    <property name="java.vm.specification.version" value="1.8"/>
    <property name="os.name" value="Linux"/>
    <property name="user.country" value="US"/>
    <property name="sun.java.launcher" value="SUN_STANDARD"/>
    <property name="sun.boot.library.path" value="/usr/lib/jvm/java-8-openjdk-amd64/jre/lib/amd64"/>
    <property name="sun.java.command" value="/home/xsw/spark-work/kubernetes-client/kubernetes-model/kubernetes-model/target/surefire/surefirebooter1920310291778035411.jar /home/xsw/spark-work/kubernetes-client/kubernetes-model/kubernetes-model/target/surefire 2019-12-31T14-08-41_622-jvmRun1 surefire4861860951657400383tmp surefire_05920201867375827018tmp"/>
    <property name="surefire.test.class.path" value="/home/xsw/spark-work/kubernetes-client/kubernetes-model/kubernetes-model/target/test-classes:/home/xsw/spark-work/kubernetes-client/kubernetes-model/kubernetes-model/target/classes:/root/.m2/repository/io/sundr/builder-annotations/0.14.6/builder-annotations-0.14.6.jar:/root/.m2/repository/io/sundr/sundr-core/0.14.6/sundr-core-0.14.6.jar:/root/.m2/repository/io/sundr/sundr-codegen/0.14.6/sundr-codegen-0.14.6.jar:/root/.m2/repository/io/sundr/resourcecify-annotations/0.14.6/resourcecify-annotations-0.14.6.jar:/root/.m2/repository/io/sundr/transform-annotations/0.14.6/transform-annotations-0.14.6.jar:/home/xsw/spark-work/kubernetes-client/kubernetes-model/kubernetes-model-common/target/kubernetes-model-common-4.1.2.jar:/root/.m2/repository/com/fasterxml/jackson/module/jackson-module-jaxb-annotations/2.9.8/jackson-module-jaxb-annotations-2.9.8.jar:/root/.m2/repository/com/fasterxml/jackson/core/jackson-annotations/2.9.0/jackson-annotations-2.9.0.jar:/root/.m2/repository/com/fasterxml/jackson/core/jackson-core/2.9.8/jackson-core-2.9.8.jar:/root/.m2/repository/com/fasterxml/jackson/core/jackson-databind/2.9.8/jackson-databind-2.9.8.jar:/root/.m2/repository/javax/validation/validation-api/1.1.0.Final/validation-api-1.1.0.Final.jar:/root/.m2/repository/org/hibernate/hibernate-validator/5.2.4.Final/hibernate-validator-5.2.4.Final.jar:/root/.m2/repository/org/jboss/logging/jboss-logging/3.2.1.Final/jboss-logging-3.2.1.Final.jar:/root/.m2/repository/com/fasterxml/classmate/1.1.0/classmate-1.1.0.jar:/root/.m2/repository/javax/el/javax.el-api/2.2.4/javax.el-api-2.2.4.jar:/root/.m2/repository/org/glassfish/web/javax.el/2.2.4/javax.el-2.2.4.jar:/root/.m2/repository/junit/junit/4.12/junit-4.12.jar:/root/.m2/repository/org/hamcrest/hamcrest-core/1.3/hamcrest-core-1.3.jar:/root/.m2/repository/net/javacrumbs/json-unit/json-unit-fluent/1.25.1/json-unit-fluent-1.25.1.jar:/root/.m2/repository/net/javacrumbs/json-unit/json-unit-core/1.25.1/json-unit-core-1.25.1.jar:/root/.m2/repository/org/projectlombok/lombok/1.16.22/lombok-1.16.22.jar:"/>
    <property name="sun.cpu.endian" value="little"/>
    <property name="user.home" value="/root"/>
    <property name="user.language" value="en"/>
    <property name="java.specification.vendor" value="Oracle Corporation"/>
    <property name="java.home" value="/usr/lib/jvm/java-8-openjdk-amd64/jre"/>
    <property name="basedir" value="/home/xsw/spark-work/kubernetes-client/kubernetes-model/kubernetes-model"/>
    <property name="file.separator" value="/"/>
    <property name="line.separator" value="&#10;"/>
    <property name="java.vm.specification.vendor" value="Oracle Corporation"/>
    <property name="java.specification.name" value="Java Platform API Specification"/>
    <property name="java.awt.graphicsenv" value="sun.awt.X11GraphicsEnvironment"/>
    <property name="surefire.real.class.path" value="/home/xsw/spark-work/kubernetes-client/kubernetes-model/kubernetes-model/target/surefire/surefirebooter1920310291778035411.jar:/root/.m2/repository/org/jacoco/org.jacoco.agent/0.8.2/org.jacoco.agent-0.8.2-runtime.jar"/>
    <property name="sun.boot.class.path" value="/usr/lib/jvm/java-8-openjdk-amd64/jre/lib/resources.jar:/usr/lib/jvm/java-8-openjdk-amd64/jre/lib/rt.jar:/usr/lib/jvm/java-8-openjdk-amd64/jre/lib/sunrsasign.jar:/usr/lib/jvm/java-8-openjdk-amd64/jre/lib/jsse.jar:/usr/lib/jvm/java-8-openjdk-amd64/jre/lib/jce.jar:/usr/lib/jvm/java-8-openjdk-amd64/jre/lib/charsets.jar:/usr/lib/jvm/java-8-openjdk-amd64/jre/lib/jfr.jar:/usr/lib/jvm/java-8-openjdk-amd64/jre/classes"/>
    <property name="sun.management.compiler" value="HotSpot 64-Bit Tiered Compilers"/>
    <property name="java.runtime.version" value="1.8.0_222-8u222-b10-1ubuntu1~16.04.1-b10"/>
    <property name="user.name" value="root"/>
    <property name="path.separator" value=":"/>
    <property name="os.version" value="4.4.0-151-generic"/>
    <property name="java.endorsed.dirs" value="/usr/lib/jvm/java-8-openjdk-amd64/jre/lib/endorsed"/>
    <property name="java.runtime.name" value="OpenJDK Runtime Environment"/>
    <property name="file.encoding" value="UTF-8"/>
    <property name="java.vm.name" value="OpenJDK 64-Bit Server VM"/>
    <property name="localRepository" value="/root/.m2/repository"/>
    <property name="java.vendor.url.bug" value="http://bugreport.sun.com/bugreport/"/>
    <property name="java.io.tmpdir" value="/tmp"/>
    <property name="java.version" value="1.8.0_222"/>
    <property name="user.dir" value="/home/xsw/spark-work/kubernetes-client/kubernetes-model/kubernetes-model"/>
    <property name="os.arch" value="amd64"/>
    <property name="java.vm.specification.name" value="Java Virtual Machine Specification"/>
    <property name="java.awt.printerjob" value="sun.print.PSPrinterJob"/>
    <property name="sun.os.patch.level" value="unknown"/>
    <property name="java.library.path" value="/root/.gvm/pkgsets/go1.12.2/global/overlay/lib::/usr/java/packages/lib/amd64:/usr/lib/x86_64-linux-gnu/jni:/lib/x86_64-linux-gnu:/usr/lib/x86_64-linux-gnu:/usr/lib/jni:/lib:/usr/lib"/>
    <property name="java.vm.info" value="mixed mode"/>
    <property name="java.vendor" value="Private Build"/>
    <property name="java.vm.version" value="25.222-b10"/>
    <property name="java.ext.dirs" value="/usr/lib/jvm/java-8-openjdk-amd64/jre/lib/ext:/usr/java/packages/lib/ext"/>
    <property name="sun.io.unicode.encoding" value="UnicodeLittle"/>
    <property name="java.class.version" value="52.0"/>
  </properties>
  <testcase name="testIllegalNodeName" classname="io.fabric8.kubernetes.api.model.ValidationTest" time="0.031"/>
  <testcase name="testNodeName" classname="io.fabric8.kubernetes.api.model.ValidationTest" time="0.002"/>
</testsuite>