<?xml version="1.0" encoding="UTF-8"?>
<testsuite xmlns:xsi="http://www.w3.org/2001/XMLSchema-instance" xsi:noNamespaceSchemaLocation="https://maven.apache.org/surefire/maven-surefire-plugin/xsd/surefire-test-report.xsd" name="io.fabric8.openshift.client.server.mock.GroupTest" time="3.27" tests="3" errors="0" skipped="0" failures="0">
  <properties>
    <property name="awt.toolkit" value="sun.awt.X11.XToolkit"/>
    <property name="file.encoding.pkg" value="sun.io"/>
    <property name="java.specification.version" value="1.8"/>
    <property name="sun.cpu.isalist" value=""/>
    <property name="sun.jnu.encoding" value="UTF-8"/>
    <property name="java.class.path" value="/home/xsw/spark-work/kubernetes-client/kubernetes-tests/target/test-classes:/home/xsw/spark-work/kubernetes-client/kubernetes-tests/target/classes:/home/xsw/spark-work/kubernetes-client/kubernetes-client/target/kubernetes-client-4.1.2.jar:/home/xsw/spark-work/kubernetes-client/kubernetes-model/kubernetes-model/target/kubernetes-model-4.1.2.jar:/home/xsw/spark-work/kubernetes-client/kubernetes-model/kubernetes-model-common/target/kubernetes-model-common-4.1.2.jar:/root/.m2/repository/com/fasterxml/jackson/module/jackson-module-jaxb-annotations/2.9.8/jackson-module-jaxb-annotations-2.9.8.jar:/root/.m2/repository/javax/validation/validation-api/1.1.0.Final/validation-api-1.1.0.Final.jar:/root/.m2/repository/com/squareup/okhttp3/okhttp/3.12.0/okhttp-3.12.0.jar:/root/.m2/repository/com/squareup/okio/okio/1.15.0/okio-1.15.0.jar:/root/.m2/repository/com/squareup/okhttp3/logging-interceptor/3.12.0/logging-interceptor-3.12.0.jar:/root/.m2/repository/org/slf4j/slf4j-api/1.7.13/slf4j-api-1.7.13.jar:/root/.m2/repository/org/slf4j/jul-to-slf4j/1.7.13/jul-to-slf4j-1.7.13.jar:/root/.m2/repository/com/fasterxml/jackson/dataformat/jackson-dataformat-yaml/2.9.8/jackson-dataformat-yaml-2.9.8.jar:/root/.m2/repository/org/yaml/snakeyaml/1.23/snakeyaml-1.23.jar:/root/.m2/repository/com/fasterxml/jackson/core/jackson-databind/2.9.8/jackson-databind-2.9.8.jar:/root/.m2/repository/com/fasterxml/jackson/core/jackson-annotations/2.9.0/jackson-annotations-2.9.0.jar:/root/.m2/repository/com/fasterxml/jackson/core/jackson-core/2.9.8/jackson-core-2.9.8.jar:/root/.m2/repository/io/fabric8/zjsonpatch/0.3.0/zjsonpatch-0.3.0.jar:/root/.m2/repository/com/github/mifmif/generex/1.0.1/generex-1.0.1.jar:/root/.m2/repository/dk/brics/automaton/automaton/1.11-8/automaton-1.11-8.jar:/home/xsw/spark-work/kubernetes-client/openshift-client/target/openshift-client-4.1.2.jar:/root/.m2/repository/junit/junit/4.12/junit-4.12.jar:/root/.m2/repository/org/hamcrest/hamcrest-core/1.3/hamcrest-core-1.3.jar:/home/xsw/spark-work/kubernetes-client/kubernetes-server-mock/target/kubernetes-server-mock-4.1.2.jar:/home/xsw/spark-work/kubernetes-client/openshift-server-mock/target/openshift-server-mock-4.1.2.jar:/root/.m2/repository/io/fabric8/mockwebserver/0.1.1/mockwebserver-0.1.1.jar:/root/.m2/repository/com/squareup/okhttp3/mockwebserver/3.12.1/mockwebserver-3.12.1.jar:/root/.m2/repository/io/sundr/builder-annotations/0.13.1/builder-annotations-0.13.1.jar:/root/.m2/repository/io/sundr/sundr-core/0.13.1/sundr-core-0.13.1.jar:/root/.m2/repository/io/sundr/sundr-codegen/0.13.1/sundr-codegen-0.13.1.jar:/root/.m2/repository/io/sundr/resourcecify-annotations/0.13.1/resourcecify-annotations-0.13.1.jar:/root/.m2/repository/org/apache/logging/log4j/log4j-slf4j-impl/2.10.0/log4j-slf4j-impl-2.10.0.jar:/root/.m2/repository/org/apache/logging/log4j/log4j-api/2.10.0/log4j-api-2.10.0.jar:/root/.m2/repository/org/apache/logging/log4j/log4j-core/2.10.0/log4j-core-2.10.0.jar:/root/.m2/repository/org/assertj/assertj-core/3.8.0/assertj-core-3.8.0.jar:"/>
    <property name="java.vm.vendor" value="Private Build"/>
    <property name="sun.arch.data.model" value="64"/>
    <property name="java.vendor.url" value="http://java.oracle.com/"/>
    <property name="user.timezone" value=""/>
    <property name="java.vm.specification.version" value="1.8"/>
    <property name="os.name" value="Linux"/>
    <property name="user.country" value="US"/>
    <property name="sun.java.launcher" value="SUN_STANDARD"/>
    <property name="sun.boot.library.path" value="/usr/lib/jvm/java-8-openjdk-amd64/jre/lib/amd64"/>
    <property name="sun.java.command" value="/home/xsw/spark-work/kubernetes-client/kubernetes-tests/target/surefire/surefirebooter5504563695549161827.jar /home/xsw/spark-work/kubernetes-client/kubernetes-tests/target/surefire 2019-12-31T14-06-12_422-jvmRun1 surefire6957196812208568421tmp surefire_207570185317456389851tmp"/>
    <property name="surefire.test.class.path" value="/home/xsw/spark-work/kubernetes-client/kubernetes-tests/target/test-classes:/home/xsw/spark-work/kubernetes-client/kubernetes-tests/target/classes:/home/xsw/spark-work/kubernetes-client/kubernetes-client/target/kubernetes-client-4.1.2.jar:/home/xsw/spark-work/kubernetes-client/kubernetes-model/kubernetes-model/target/kubernetes-model-4.1.2.jar:/home/xsw/spark-work/kubernetes-client/kubernetes-model/kubernetes-model-common/target/kubernetes-model-common-4.1.2.jar:/root/.m2/repository/com/fasterxml/jackson/module/jackson-module-jaxb-annotations/2.9.8/jackson-module-jaxb-annotations-2.9.8.jar:/root/.m2/repository/javax/validation/validation-api/1.1.0.Final/validation-api-1.1.0.Final.jar:/root/.m2/repository/com/squareup/okhttp3/okhttp/3.12.0/okhttp-3.12.0.jar:/root/.m2/repository/com/squareup/okio/okio/1.15.0/okio-1.15.0.jar:/root/.m2/repository/com/squareup/okhttp3/logging-interceptor/3.12.0/logging-interceptor-3.12.0.jar:/root/.m2/repository/org/slf4j/slf4j-api/1.7.13/slf4j-api-1.7.13.jar:/root/.m2/repository/org/slf4j/jul-to-slf4j/1.7.13/jul-to-slf4j-1.7.13.jar:/root/.m2/repository/com/fasterxml/jackson/dataformat/jackson-dataformat-yaml/2.9.8/jackson-dataformat-yaml-2.9.8.jar:/root/.m2/repository/org/yaml/snakeyaml/1.23/snakeyaml-1.23.jar:/root/.m2/repository/com/fasterxml/jackson/core/jackson-databind/2.9.8/jackson-databind-2.9.8.jar:/root/.m2/repository/com/fasterxml/jackson/core/jackson-annotations/2.9.0/jackson-annotations-2.9.0.jar:/root/.m2/repository/com/fasterxml/jackson/core/jackson-core/2.9.8/jackson-core-2.9.8.jar:/root/.m2/repository/io/fabric8/zjsonpatch/0.3.0/zjsonpatch-0.3.0.jar:/root/.m2/repository/com/github/mifmif/generex/1.0.1/generex-1.0.1.jar:/root/.m2/repository/dk/brics/automaton/automaton/1.11-8/automaton-1.11-8.jar:/home/xsw/spark-work/kubernetes-client/openshift-client/target/openshift-client-4.1.2.jar:/root/.m2/repository/junit/junit/4.12/junit-4.12.jar:/root/.m2/repository/org/hamcrest/hamcrest-core/1.3/hamcrest-core-1.3.jar:/home/xsw/spark-work/kubernetes-client/kubernetes-server-mock/target/kubernetes-server-mock-4.1.2.jar:/home/xsw/spark-work/kubernetes-client/openshift-server-mock/target/openshift-server-mock-4.1.2.jar:/root/.m2/repository/io/fabric8/mockwebserver/0.1.1/mockwebserver-0.1.1.jar:/root/.m2/repository/com/squareup/okhttp3/mockwebserver/3.12.1/mockwebserver-3.12.1.jar:/root/.m2/repository/io/sundr/builder-annotations/0.13.1/builder-annotations-0.13.1.jar:/root/.m2/repository/io/sundr/sundr-core/0.13.1/sundr-core-0.13.1.jar:/root/.m2/repository/io/sundr/sundr-codegen/0.13.1/sundr-codegen-0.13.1.jar:/root/.m2/repository/io/sundr/resourcecify-annotations/0.13.1/resourcecify-annotations-0.13.1.jar:/root/.m2/repository/org/apache/logging/log4j/log4j-slf4j-impl/2.10.0/log4j-slf4j-impl-2.10.0.jar:/root/.m2/repository/org/apache/logging/log4j/log4j-api/2.10.0/log4j-api-2.10.0.jar:/root/.m2/repository/org/apache/logging/log4j/log4j-core/2.10.0/log4j-core-2.10.0.jar:/root/.m2/repository/org/assertj/assertj-core/3.8.0/assertj-core-3.8.0.jar:"/>
    <property name="sun.cpu.endian" value="little"/>
    <property name="user.home" value="/root"/>
    <property name="user.language" value="en"/>
    <property name="java.specification.vendor" value="Oracle Corporation"/>
    <property name="java.home" value="/usr/lib/jvm/java-8-openjdk-amd64/jre"/>
    <property name="basedir" value="/home/xsw/spark-work/kubernetes-client/kubernetes-tests"/>
    <property name="file.separator" value="/"/>
    <property name="line.separator" value="&#10;"/>
    <property name="java.vm.specification.vendor" value="Oracle Corporation"/>
    <property name="java.specification.name" value="Java Platform API Specification"/>
    <property name="java.awt.graphicsenv" value="sun.awt.X11GraphicsEnvironment"/>
    <property name="surefire.real.class.path" value="/home/xsw/spark-work/kubernetes-client/kubernetes-tests/target/surefire/surefirebooter5504563695549161827.jar:/root/.m2/repository/org/jacoco/org.jacoco.agent/0.8.2/org.jacoco.agent-0.8.2-runtime.jar"/>
    <property name="sun.boot.class.path" value="/usr/lib/jvm/java-8-openjdk-amd64/jre/lib/resources.jar:/usr/lib/jvm/java-8-openjdk-amd64/jre/lib/rt.jar:/usr/lib/jvm/java-8-openjdk-amd64/jre/lib/sunrsasign.jar:/usr/lib/jvm/java-8-openjdk-amd64/jre/lib/jsse.jar:/usr/lib/jvm/java-8-openjdk-amd64/jre/lib/jce.jar:/usr/lib/jvm/java-8-openjdk-amd64/jre/lib/charsets.jar:/usr/lib/jvm/java-8-openjdk-amd64/jre/lib/jfr.jar:/usr/lib/jvm/java-8-openjdk-amd64/jre/classes"/>
    <property name="sun.management.compiler" value="HotSpot 64-Bit Tiered Compilers"/>
    <property name="java.runtime.version" value="1.8.0_222-8u222-b10-1ubuntu1~16.04.1-b10"/>
    <property name="user.name" value="root"/>
    <property name="path.separator" value=":"/>
    <property name="os.version" value="4.4.0-151-generic"/>
    <property name="java.endorsed.dirs" value="/usr/lib/jvm/java-8-openjdk-amd64/jre/lib/endorsed"/>
    <property name="java.runtime.name" value="OpenJDK Runtime Environment"/>
    <property name="file.encoding" value="UTF-8"/>
    <property name="java.vm.name" value="OpenJDK 64-Bit Server VM"/>
    <property name="localRepository" value="/root/.m2/repository"/>
    <property name="java.vendor.url.bug" value="http://bugreport.sun.com/bugreport/"/>
    <property name="java.io.tmpdir" value="/tmp"/>
    <property name="java.version" value="1.8.0_222"/>
    <property name="user.dir" value="/home/xsw/spark-work/kubernetes-client/kubernetes-tests"/>
    <property name="os.arch" value="amd64"/>
    <property name="java.vm.specification.name" value="Java Virtual Machine Specification"/>
    <property name="java.awt.printerjob" value="sun.print.PSPrinterJob"/>
    <property name="sun.os.patch.level" value="unknown"/>
    <property name="java.library.path" value="/root/.gvm/pkgsets/go1.12.2/global/overlay/lib::/usr/java/packages/lib/amd64:/usr/lib/x86_64-linux-gnu/jni:/lib/x86_64-linux-gnu:/usr/lib/x86_64-linux-gnu:/usr/lib/jni:/lib:/usr/lib"/>
    <property name="java.vm.info" value="mixed mode"/>
    <property name="java.vendor" value="Private Build"/>
    <property name="java.vm.version" value="25.222-b10"/>
    <property name="java.ext.dirs" value="/usr/lib/jvm/java-8-openjdk-amd64/jre/lib/ext:/usr/java/packages/lib/ext"/>
    <property name="sun.io.unicode.encoding" value="UnicodeLittle"/>
    <property name="java.class.version" value="52.0"/>
  </properties>
  <testcase name="testGet" classname="io.fabric8.openshift.client.server.mock.GroupTest" time="2.388"/>
  <testcase name="testList" classname="io.fabric8.openshift.client.server.mock.GroupTest" time="0.41"/>
  <testcase name="testDelete" classname="io.fabric8.openshift.client.server.mock.GroupTest" time="0.351"/>
</testsuite>